2016/08/31 12:37:06 [INFO] Terraform version: 0.7.1
2016/08/31 12:37:06 [INFO] CLI args: []string{"/usr/local/Cellar/terraform/0.7.1/bin/terraform", "plan"}
2016/08/31 12:37:06 [DEBUG] Detected home directory from env var: /Users/adam
2016/08/31 12:37:06 [DEBUG] Detected home directory from env var: /Users/adam
2016/08/31 12:37:06 [DEBUG] Attempting to open CLI config file: /Users/adam/.terraformrc
2016/08/31 12:37:06 [DEBUG] Detected home directory from env var: /Users/adam
2016/08/31 12:37:06 [DEBUG] plugin: waiting for all plugin processes to complete...
panic: runtime error: invalid memory address or nil pointer dereference
[signal SIGSEGV: segmentation violation code=0x1 addr=0x0 pc=0x99d276]

goroutine 1 [running]:
panic(0x23c4f80, 0xc4200120f0)
	/usr/local/Cellar/go/1.7/libexec/src/runtime/panic.go:500 +0x1a1
github.com/hashicorp/terraform/vendor/github.com/hashicorp/hcl/hcl/ast.(*ObjectList).Filter(0xc42030eae0, 0xc42014deb0, 0x1, 0x1, 0x2)
	/private/tmp/terraform-20160819-33483-1p6ws5n/terraform-0.7.1/src/github.com/hashicorp/terraform/vendor/github.com/hashicorp/hcl/hcl/ast/ast.go:59 +0x96
github.com/hashicorp/terraform/vendor/github.com/hashicorp/hcl.(*decoder).decodeStruct(0xc42014f308, 0xc42030ea80, 0x13, 0x3f9dce0, 0xc42030eae0, 0x26d6580, 0xc4201f9630, 0x199, 0x19e48, 0x50)
	/private/tmp/terraform-20160819-33483-1p6ws5n/terraform-0.7.1/src/github.com/hashicorp/terraform/vendor/github.com/hashicorp/hcl/decoder.go:608 +0xeda
github.com/hashicorp/terraform/vendor/github.com/hashicorp/hcl.(*decoder).decode(0xc42014f308, 0xc42030ea80, 0x13, 0x3f9dc20, 0xc4201f95e0, 0x26d6580, 0xc4201f9630, 0x199, 0x0, 0x0)
	/private/tmp/terraform-20160819-33483-1p6ws5n/terraform-0.7.1/src/github.com/hashicorp/terraform/vendor/github.com/hashicorp/hcl/decoder.go:108 +0x79e
github.com/hashicorp/terraform/vendor/github.com/hashicorp/hcl.(*decoder).decodePtr(0xc42014f308, 0xc42030ea80, 0x13, 0x3f9dc20, 0xc4201f95e0, 0x2133fe0, 0xc42002e598, 0x196, 0x3feec20, 0x0)
	/private/tmp/terraform-20160819-33483-1p6ws5n/terraform-0.7.1/src/github.com/hashicorp/terraform/vendor/github.com/hashicorp/hcl/decoder.go:397 +0x109
github.com/hashicorp/terraform/vendor/github.com/hashicorp/hcl.(*decoder).decode(0xc42014f308, 0xc42030ea80, 0x13, 0x3f9dc20, 0xc4201f95e0, 0x2133fe0, 0xc42002e598, 0x196, 0x0, 0x0)
	/private/tmp/terraform-20160819-33483-1p6ws5n/terraform-0.7.1/src/github.com/hashicorp/terraform/vendor/github.com/hashicorp/hcl/decoder.go:102 +0x6e3
github.com/hashicorp/terraform/vendor/github.com/hashicorp/hcl.(*decoder).decodeMap(0xc42014f308, 0xc42031c670, 0xd, 0x3f9dce0, 0xc42030ea40, 0x2397820, 0xc42002e570, 0x195, 0xc4200d6000, 0x8)
	/private/tmp/terraform-20160819-33483-1p6ws5n/terraform-0.7.1/src/github.com/hashicorp/terraform/vendor/github.com/hashicorp/hcl/decoder.go:378 +0x7ac
github.com/hashicorp/terraform/vendor/github.com/hashicorp/hcl.(*decoder).decode(0xc42014f308, 0xc42031c670, 0xd, 0x3f9dce0, 0xc42030ea40, 0x2397820, 0xc42002e570, 0x195, 0x0, 0x0)
	/private/tmp/terraform-20160819-33483-1p6ws5n/terraform-0.7.1/src/github.com/hashicorp/terraform/vendor/github.com/hashicorp/hcl/decoder.go:100 +0x647
github.com/hashicorp/terraform/vendor/github.com/hashicorp/hcl.(*decoder).decodeStruct(0xc42014f308, 0x296b719, 0x4, 0x3f9dce0, 0xc42030e920, 0x24697a0, 0xc42002e570, 0x199, 0x1a8e3, 0xc42030ae08)
	/private/tmp/terraform-20160819-33483-1p6ws5n/terraform-0.7.1/src/github.com/hashicorp/terraform/vendor/github.com/hashicorp/hcl/decoder.go:632 +0x1297
github.com/hashicorp/terraform/vendor/github.com/hashicorp/hcl.(*decoder).decode(0xc42014f308, 0x296b719, 0x4, 0x3f9dce0, 0xc42030e920, 0x24697a0, 0xc42002e570, 0x199, 0x0, 0x0)
	/private/tmp/terraform-20160819-33483-1p6ws5n/terraform-0.7.1/src/github.com/hashicorp/terraform/vendor/github.com/hashicorp/hcl/decoder.go:108 +0x79e
github.com/hashicorp/terraform/vendor/github.com/hashicorp/hcl.DecodeObject(0x21b01e0, 0xc42002e570, 0x3f9dce0, 0xc42030e920, 0xc420326090, 0xc42030e920)
	/private/tmp/terraform-20160819-33483-1p6ws5n/terraform-0.7.1/src/github.com/hashicorp/terraform/vendor/github.com/hashicorp/hcl/decoder.go:60 +0x132
github.com/hashicorp/terraform/config.(*hclConfigurable).Config(0xc42030e9a0, 0x0, 0x8, 0x0)
	/private/tmp/terraform-20160819-33483-1p6ws5n/terraform-0.7.1/src/github.com/hashicorp/terraform/config/loader_hcl.go:48 +0x30f
github.com/hashicorp/terraform/config.(*importTree).ConfigTree(0xc42031a640, 0x46, 0xc42031a640, 0x0)
	/private/tmp/terraform-20160819-33483-1p6ws5n/terraform-0.7.1/src/github.com/hashicorp/terraform/config/import_tree.go:87 +0x49
github.com/hashicorp/terraform/config.LoadFile(0xc4201f92c0, 0x46, 0x0, 0x39, 0x0)
	/private/tmp/terraform-20160819-33483-1p6ws5n/terraform-0.7.1/src/github.com/hashicorp/terraform/config/loader.go:44 +0x5f
github.com/hashicorp/terraform/config.LoadDir(0xc42000e044, 0x39, 0xc4201f8f00, 0xc4201f8f50, 0x0)
	/private/tmp/terraform-20160819-33483-1p6ws5n/terraform-0.7.1/src/github.com/hashicorp/terraform/config/loader.go:91 +0x181
github.com/hashicorp/terraform/config/module.NewTreeModule(0x0, 0x0, 0xc42000e044, 0x39, 0x0, 0x2245900, 0x2986259)
	/private/tmp/terraform-20160819-33483-1p6ws5n/terraform-0.7.1/src/github.com/hashicorp/terraform/config/module/tree.go:54 +0x39
github.com/hashicorp/terraform/command.(*Meta).Context(0xc4200ce690, 0xc42000e044, 0x39, 0x2991a3b, 0x11, 0x0, 0xa, 0x4, 0x1961e, 0xc4200ce690, ...)
	/private/tmp/terraform-20160819-33483-1p6ws5n/terraform-0.7.1/src/github.com/hashicorp/terraform/command/meta.go:155 +0x14d
github.com/hashicorp/terraform/command.(*PlanCommand).Run(0xc4200ce690, 0xc42000a290, 0x0, 0x0, 0x0)
	/private/tmp/terraform-20160819-33483-1p6ws5n/terraform-0.7.1/src/github.com/hashicorp/terraform/command/plan.go:65 +0x5cf
github.com/hashicorp/terraform/vendor/github.com/mitchellh/cli.(*CLI).Run(0xc4200dab40, 0xc4202b7740, 0xc4201efe60, 0x0)
	/private/tmp/terraform-20160819-33483-1p6ws5n/terraform-0.7.1/src/github.com/hashicorp/terraform/vendor/github.com/mitchellh/cli/cli.go:154 +0x24e
main.wrappedMain(0x0)
	/private/tmp/terraform-20160819-33483-1p6ws5n/terraform-0.7.1/src/github.com/hashicorp/terraform/main.go:145 +0x525
main.realMain(0x0)
	/private/tmp/terraform-20160819-33483-1p6ws5n/terraform-0.7.1/src/github.com/hashicorp/terraform/main.go:80 +0x9e
main.main()
	/private/tmp/terraform-20160819-33483-1p6ws5n/terraform-0.7.1/src/github.com/hashicorp/terraform/main.go:23 +0x38
panic: runtime error: invalid memory address or nil pointer dereference
[signal SIGSEGV: segmentation violation code=0x1 addr=0x0 pc=0x99d276]

goroutine 1 [running]:
panic(0x23c4f80, 0xc4200120f0)
	/usr/local/Cellar/go/1.7/libexec/src/runtime/panic.go:500 +0x1a1
github.com/hashicorp/terraform/vendor/github.com/hashicorp/hcl/hcl/ast.(*ObjectList).Filter(0xc42030eae0, 0xc42014deb0, 0x1, 0x1, 0x2)
	/private/tmp/terraform-20160819-33483-1p6ws5n/terraform-0.7.1/src/github.com/hashicorp/terraform/vendor/github.com/hashicorp/hcl/hcl/ast/ast.go:59 +0x96
github.com/hashicorp/terraform/vendor/github.com/hashicorp/hcl.(*decoder).decodeStruct(0xc42014f308, 0xc42030ea80, 0x13, 0x3f9dce0, 0xc42030eae0, 0x26d6580, 0xc4201f9630, 0x199, 0x19e48, 0x50)
	/private/tmp/terraform-20160819-33483-1p6ws5n/terraform-0.7.1/src/github.com/hashicorp/terraform/vendor/github.com/hashicorp/hcl/decoder.go:608 +0xeda
github.com/hashicorp/terraform/vendor/github.com/hashicorp/hcl.(*decoder).decode(0xc42014f308, 0xc42030ea80, 0x13, 0x3f9dc20, 0xc4201f95e0, 0x26d6580, 0xc4201f9630, 0x199, 0x0, 0x0)
	/private/tmp/terraform-20160819-33483-1p6ws5n/terraform-0.7.1/src/github.com/hashicorp/terraform/vendor/github.com/hashicorp/hcl/decoder.go:108 +0x79e
github.com/hashicorp/terraform/vendor/github.com/hashicorp/hcl.(*decoder).decodePtr(0xc42014f308, 0xc42030ea80, 0x13, 0x3f9dc20, 0xc4201f95e0, 0x2133fe0, 0xc42002e598, 0x196, 0x3feec20, 0x0)
	/private/tmp/terraform-20160819-33483-1p6ws5n/terraform-0.7.1/src/github.com/hashicorp/terraform/vendor/github.com/hashicorp/hcl/decoder.go:397 +0x109
github.com/hashicorp/terraform/vendor/github.com/hashicorp/hcl.(*decoder).decode(0xc42014f308, 0xc42030ea80, 0x13, 0x3f9dc20, 0xc4201f95e0, 0x2133fe0, 0xc42002e598, 0x196, 0x0, 0x0)
	/private/tmp/terraform-20160819-33483-1p6ws5n/terraform-0.7.1/src/github.com/hashicorp/terraform/vendor/github.com/hashicorp/hcl/decoder.go:102 +0x6e3
github.com/hashicorp/terraform/vendor/github.com/hashicorp/hcl.(*decoder).decodeMap(0xc42014f308, 0xc42031c670, 0xd, 0x3f9dce0, 0xc42030ea40, 0x2397820, 0xc42002e570, 0x195, 0xc4200d6000, 0x8)
	/private/tmp/terraform-20160819-33483-1p6ws5n/terraform-0.7.1/src/github.com/hashicorp/terraform/vendor/github.com/hashicorp/hcl/decoder.go:378 +0x7ac
github.com/hashicorp/terraform/vendor/github.com/hashicorp/hcl.(*decoder).decode(0xc42014f308, 0xc42031c670, 0xd, 0x3f9dce0, 0xc42030ea40, 0x2397820, 0xc42002e570, 0x195, 0x0, 0x0)
	/private/tmp/terraform-20160819-33483-1p6ws5n/terraform-0.7.1/src/github.com/hashicorp/terraform/vendor/github.com/hashicorp/hcl/decoder.go:100 +0x647
github.com/hashicorp/terraform/vendor/github.com/hashicorp/hcl.(*decoder).decodeStruct(0xc42014f308, 0x296b719, 0x4, 0x3f9dce0, 0xc42030e920, 0x24697a0, 0xc42002e570, 0x199, 0x1a8e3, 0xc42030ae08)
	/private/tmp/terraform-20160819-33483-1p6ws5n/terraform-0.7.1/src/github.com/hashicorp/terraform/vendor/github.com/hashicorp/hcl/decoder.go:632 +0x1297
github.com/hashicorp/terraform/vendor/github.com/hashicorp/hcl.(*decoder).decode(0xc42014f308, 0x296b719, 0x4, 0x3f9dce0, 0xc42030e920, 0x24697a0, 0xc42002e570, 0x199, 0x0, 0x0)
	/private/tmp/terraform-20160819-33483-1p6ws5n/terraform-0.7.1/src/github.com/hashicorp/terraform/vendor/github.com/hashicorp/hcl/decoder.go:108 +0x79e
github.com/hashicorp/terraform/vendor/github.com/hashicorp/hcl.DecodeObject(0x21b01e0, 0xc42002e570, 0x3f9dce0, 0xc42030e920, 0xc420326090, 0xc42030e920)
	/private/tmp/terraform-20160819-33483-1p6ws5n/terraform-0.7.1/src/github.com/hashicorp/terraform/vendor/github.com/hashicorp/hcl/decoder.go:60 +0x132
github.com/hashicorp/terraform/config.(*hclConfigurable).Config(0xc42030e9a0, 0x0, 0x8, 0x0)
	/private/tmp/terraform-20160819-33483-1p6ws5n/terraform-0.7.1/src/github.com/hashicorp/terraform/config/loader_hcl.go:48 +0x30f
github.com/hashicorp/terraform/config.(*importTree).ConfigTree(0xc42031a640, 0x46, 0xc42031a640, 0x0)
	/private/tmp/terraform-20160819-33483-1p6ws5n/terraform-0.7.1/src/github.com/hashicorp/terraform/config/import_tree.go:87 +0x49
github.com/hashicorp/terraform/config.LoadFile(0xc4201f92c0, 0x46, 0x0, 0x39, 0x0)
	/private/tmp/terraform-20160819-33483-1p6ws5n/terraform-0.7.1/src/github.com/hashicorp/terraform/config/loader.go:44 +0x5f
github.com/hashicorp/terraform/config.LoadDir(0xc42000e044, 0x39, 0xc4201f8f00, 0xc4201f8f50, 0x0)
	/private/tmp/terraform-20160819-33483-1p6ws5n/terraform-0.7.1/src/github.com/hashicorp/terraform/config/loader.go:91 +0x181
github.com/hashicorp/terraform/config/module.NewTreeModule(0x0, 0x0, 0xc42000e044, 0x39, 0x0, 0x2245900, 0x2986259)
	/private/tmp/terraform-20160819-33483-1p6ws5n/terraform-0.7.1/src/github.com/hashicorp/terraform/config/module/tree.go:54 +0x39
github.com/hashicorp/terraform/command.(*Meta).Context(0xc4200ce690, 0xc42000e044, 0x39, 0x2991a3b, 0x11, 0x0, 0xa, 0x4, 0x1961e, 0xc4200ce690, ...)
	/private/tmp/terraform-20160819-33483-1p6ws5n/terraform-0.7.1/src/github.com/hashicorp/terraform/command/meta.go:155 +0x14d
github.com/hashicorp/terraform/command.(*PlanCommand).Run(0xc4200ce690, 0xc42000a290, 0x0, 0x0, 0x0)
	/private/tmp/terraform-20160819-33483-1p6ws5n/terraform-0.7.1/src/github.com/hashicorp/terraform/command/plan.go:65 +0x5cf
github.com/hashicorp/terraform/vendor/github.com/mitchellh/cli.(*CLI).Run(0xc4200dab40, 0xc4202b7740, 0xc4201efe60, 0x0)
	/private/tmp/terraform-20160819-33483-1p6ws5n/terraform-0.7.1/src/github.com/hashicorp/terraform/vendor/github.com/mitchellh/cli/cli.go:154 +0x24e
main.wrappedMain(0x0)
	/private/tmp/terraform-20160819-33483-1p6ws5n/terraform-0.7.1/src/github.com/hashicorp/terraform/main.go:145 +0x525
main.realMain(0x0)
	/private/tmp/terraform-20160819-33483-1p6ws5n/terraform-0.7.1/src/github.com/hashicorp/terraform/main.go:80 +0x9e
main.main()
	/private/tmp/terraform-20160819-33483-1p6ws5n/terraform-0.7.1/src/github.com/hashicorp/terraform/main.go:23 +0x38
