2016/08/31 10:54:20 [INFO] Terraform version: 0.7.1  
2016/08/31 10:54:20 [INFO] CLI args: []string{"/usr/local/Cellar/terraform/0.7.1/bin/terraform", "get", "-update=true"}
2016/08/31 10:54:20 [DEBUG] Detected home directory from env var: /Users/adam
2016/08/31 10:54:20 [DEBUG] Detected home directory from env var: /Users/adam
2016/08/31 10:54:20 [DEBUG] Attempting to open CLI config file: /Users/adam/.terraformrc
2016/08/31 10:54:20 [DEBUG] Detected home directory from env var: /Users/adam
2016/08/31 10:54:20 [DEBUG] plugin: waiting for all plugin processes to complete...
panic: runtime error: invalid memory address or nil pointer dereference
[signal SIGSEGV: segmentation violation code=0x1 addr=0x0 pc=0x99d276]

goroutine 1 [running]:
panic(0x23c4f80, 0xc4200100d0)
	/usr/local/Cellar/go/1.7/libexec/src/runtime/panic.go:500 +0x1a1
github.com/hashicorp/terraform/vendor/github.com/hashicorp/hcl/hcl/ast.(*ObjectList).Filter(0xc420308a60, 0xc42014bfb8, 0x1, 0x1, 0x2)
	/private/tmp/terraform-20160819-33483-1p6ws5n/terraform-0.7.1/src/github.com/hashicorp/terraform/vendor/github.com/hashicorp/hcl/hcl/ast/ast.go:59 +0x96
github.com/hashicorp/terraform/vendor/github.com/hashicorp/hcl.(*decoder).decodeStruct(0xc42014d410, 0xc420308a00, 0x13, 0x3f9dce0, 0xc420308a60, 0x26d6580, 0xc4202091d0, 0x199, 0x19e48, 0x50)
	/private/tmp/terraform-20160819-33483-1p6ws5n/terraform-0.7.1/src/github.com/hashicorp/terraform/vendor/github.com/hashicorp/hcl/decoder.go:608 +0xeda
github.com/hashicorp/terraform/vendor/github.com/hashicorp/hcl.(*decoder).decode(0xc42014d410, 0xc420308a00, 0x13, 0x3f9dc20, 0xc420209180, 0x26d6580, 0xc4202091d0, 0x199, 0x0, 0x0)
	/private/tmp/terraform-20160819-33483-1p6ws5n/terraform-0.7.1/src/github.com/hashicorp/terraform/vendor/github.com/hashicorp/hcl/decoder.go:108 +0x79e
github.com/hashicorp/terraform/vendor/github.com/hashicorp/hcl.(*decoder).decodePtr(0xc42014d410, 0xc420308a00, 0x13, 0x3f9dc20, 0xc420209180, 0x2133fe0, 0xc42002e578, 0x196, 0x3feec20, 0x0)
	/private/tmp/terraform-20160819-33483-1p6ws5n/terraform-0.7.1/src/github.com/hashicorp/terraform/vendor/github.com/hashicorp/hcl/decoder.go:397 +0x109
github.com/hashicorp/terraform/vendor/github.com/hashicorp/hcl.(*decoder).decode(0xc42014d410, 0xc420308a00, 0x13, 0x3f9dc20, 0xc420209180, 0x2133fe0, 0xc42002e578, 0x196, 0x0, 0x0)
	/private/tmp/terraform-20160819-33483-1p6ws5n/terraform-0.7.1/src/github.com/hashicorp/terraform/vendor/github.com/hashicorp/hcl/decoder.go:102 +0x6e3
github.com/hashicorp/terraform/vendor/github.com/hashicorp/hcl.(*decoder).decodeMap(0xc42014d410, 0xc42031a490, 0xd, 0x3f9dce0, 0xc4203089c0, 0x2397820, 0xc42002e550, 0x195, 0xc4200d6000, 0x8)
	/private/tmp/terraform-20160819-33483-1p6ws5n/terraform-0.7.1/src/github.com/hashicorp/terraform/vendor/github.com/hashicorp/hcl/decoder.go:378 +0x7ac
github.com/hashicorp/terraform/vendor/github.com/hashicorp/hcl.(*decoder).decode(0xc42014d410, 0xc42031a490, 0xd, 0x3f9dce0, 0xc4203089c0, 0x2397820, 0xc42002e550, 0x195, 0x0, 0x0)
	/private/tmp/terraform-20160819-33483-1p6ws5n/terraform-0.7.1/src/github.com/hashicorp/terraform/vendor/github.com/hashicorp/hcl/decoder.go:100 +0x647
github.com/hashicorp/terraform/vendor/github.com/hashicorp/hcl.(*decoder).decodeStruct(0xc42014d410, 0x296b719, 0x4, 0x3f9dce0, 0xc4203088a0, 0x24697a0, 0xc42002e550, 0x199, 0x1a8e3, 0xc420304e98)
	/private/tmp/terraform-20160819-33483-1p6ws5n/terraform-0.7.1/src/github.com/hashicorp/terraform/vendor/github.com/hashicorp/hcl/decoder.go:632 +0x1297
github.com/hashicorp/terraform/vendor/github.com/hashicorp/hcl.(*decoder).decode(0xc42014d410, 0x296b719, 0x4, 0x3f9dce0, 0xc4203088a0, 0x24697a0, 0xc42002e550, 0x199, 0x0, 0x0)
	/private/tmp/terraform-20160819-33483-1p6ws5n/terraform-0.7.1/src/github.com/hashicorp/terraform/vendor/github.com/hashicorp/hcl/decoder.go:108 +0x79e
github.com/hashicorp/terraform/vendor/github.com/hashicorp/hcl.DecodeObject(0x21b01e0, 0xc42002e550, 0x3f9dce0, 0xc4203088a0, 0xc4202dbe60, 0xc4203088a0)
	/private/tmp/terraform-20160819-33483-1p6ws5n/terraform-0.7.1/src/github.com/hashicorp/terraform/vendor/github.com/hashicorp/hcl/decoder.go:60 +0x132
github.com/hashicorp/terraform/config.(*hclConfigurable).Config(0xc420308920, 0x0, 0x8, 0x0)
	/private/tmp/terraform-20160819-33483-1p6ws5n/terraform-0.7.1/src/github.com/hashicorp/terraform/config/loader_hcl.go:48 +0x30f
github.com/hashicorp/terraform/config.(*importTree).ConfigTree(0xc420314300, 0x40, 0xc420314300, 0x0)
	/private/tmp/terraform-20160819-33483-1p6ws5n/terraform-0.7.1/src/github.com/hashicorp/terraform/config/import_tree.go:87 +0x49
github.com/hashicorp/terraform/config.LoadFile(0xc420314100, 0x40, 0x0, 0x33, 0x0)
	/private/tmp/terraform-20160819-33483-1p6ws5n/terraform-0.7.1/src/github.com/hashicorp/terraform/config/loader.go:44 +0x5f
github.com/hashicorp/terraform/config.LoadDir(0xc42000e004, 0x33, 0xc420208e60, 0xc420208eb0, 0x0)
	/private/tmp/terraform-20160819-33483-1p6ws5n/terraform-0.7.1/src/github.com/hashicorp/terraform/config/loader.go:91 +0x181
github.com/hashicorp/terraform/config/module.NewTreeModule(0x0, 0x0, 0xc42000e004, 0x33, 0x0, 0x33, 0x1)
	/private/tmp/terraform-20160819-33483-1p6ws5n/terraform-0.7.1/src/github.com/hashicorp/terraform/config/module/tree.go:54 +0x39
github.com/hashicorp/terraform/command.(*Meta).Context(0xc4200cc690, 0xc42000e004, 0x33, 0x0, 0x0, 0x2, 0x0, 0x1, 0x3fcde20, 0x3fa5ca0, ...)
	/private/tmp/terraform-20160819-33483-1p6ws5n/terraform-0.7.1/src/github.com/hashicorp/terraform/command/meta.go:155 +0x14d
github.com/hashicorp/terraform/command.(*GetCommand).Run(0xc4200cc690, 0xc42000a1a0, 0x1, 0x1, 0xc4201f8f40)
	/private/tmp/terraform-20160819-33483-1p6ws5n/terraform-0.7.1/src/github.com/hashicorp/terraform/command/get.go:54 +0x297
github.com/hashicorp/terraform/vendor/github.com/mitchellh/cli.(*CLI).Run(0xc4200dab40, 0xc4202db560, 0xc4201f3e40, 0x0)
	/private/tmp/terraform-20160819-33483-1p6ws5n/terraform-0.7.1/src/github.com/hashicorp/terraform/vendor/github.com/mitchellh/cli/cli.go:154 +0x24e
main.wrappedMain(0x0)
	/private/tmp/terraform-20160819-33483-1p6ws5n/terraform-0.7.1/src/github.com/hashicorp/terraform/main.go:145 +0x525
main.realMain(0x0)
	/private/tmp/terraform-20160819-33483-1p6ws5n/terraform-0.7.1/src/github.com/hashicorp/terraform/main.go:80 +0x9e
main.main()
	/private/tmp/terraform-20160819-33483-1p6ws5n/terraform-0.7.1/src/github.com/hashicorp/terraform/main.go:23 +0x38
